<?xml version="1.0" encoding="UTF-8"?>
<!-- Generated by org.testng.reporters.JUnitReportReporter -->
<testsuite name="acti_maven.ActiLogin" tests="1" time="10.788" ignored="0" failures="0" timestamp="25 Feb 2017 11:03:39 GMT" skipped="0" hostname="Vittal-PC" errors="0">
  <testcase name="testActiLoginLogout" time="10.788" classname="acti_maven.ActiLogin"/>
</testsuite> <!-- acti_maven.ActiLogin -->
