<?xml version="1.0" encoding="UTF-8"?>
<!-- Generated by org.testng.reporters.JUnitReportReporter -->
<testsuite name="acti_maven.B" tests="1" time="15.323" ignored="0" failures="0" timestamp="25 Feb 2017 11:03:39 GMT" skipped="0" hostname="Vittal-PC" errors="0">
  <testcase name="testActiLoginLogout" time="15.323" classname="acti_maven.B"/>
</testsuite> <!-- acti_maven.B -->
